2025-11-30 19:37:48 [91489] Michael: yo
2025-11-30 19:37:51 [91489] Michael: yo
2025-11-30 19:37:53 [91489] joshy2: yo
2025-11-30 19:37:54 [91489] joshy2: whats good
2025-11-30 19:38:04 [91489] Michael: not much
2025-11-30 19:38:05 [91489] joshy2: not much
2025-11-30 19:38:09 [91489] Michael: yo
2025-11-30 19:38:09 [91489] Michael: yo
2025-11-30 19:38:09 [91489] joshy2: yo
2025-11-30 19:38:09 [91489] joshy2: whats good
2025-11-30 19:38:09 [91489] Michael: not much
2025-11-30 19:38:09 [91489] joshy2: not much
2025-11-30 19:38:11 [91489] joshy2: yo
2025-11-30 19:39:37 [91489] Michael: yo
2025-11-30 19:39:37 [91489] Michael: yo
2025-11-30 19:39:37 [91489] joshy2: yo
2025-11-30 19:39:37 [91489] joshy2: whats good
2025-11-30 19:39:37 [91489] Michael: not much
2025-11-30 19:39:37 [91489] joshy2: not much
2025-11-30 19:39:37 [91489] joshy2: yo
