2025-11-30 21:39:29 [11500] Kenny: hey
2025-11-30 21:39:31 [11500] MIchael: yo
2025-11-30 21:39:32 [11500] MIchael: whatsup
2025-11-30 21:39:37 [11500] Kenny: not much bro
2025-11-30 21:39:40 [11500] Kenny: how it is going
2025-11-30 21:40:08 [11500] MIchael: hey
2025-11-30 21:40:10 [11500] MIchael: hye
2025-11-30 21:40:11 [11500] MIchael: heye
2025-11-30 21:40:13 [11500] MIchael: hey
2025-11-30 21:40:17 [11500] MIchael: whatsup
2025-11-30 21:40:47 [11500] MIchael: h4
2025-11-30 21:40:51 [11500] Kenny: yo
2025-11-30 21:40:54 [11500] Kenny: are you okay
2025-11-30 21:41:14 [11500] Kenny: hey
2025-11-30 21:41:52 [11500] Kenny: hey
2025-11-30 21:41:55 [11500] Kenny: so all good now
2025-11-30 21:42:00 [11500] Kenny: clear
2025-11-30 21:42:08 [11500] Kenny: hey
2025-11-30 21:42:13 [11500] Kenny: hey
2025-11-30 21:42:14 [11500] Kenny: geg
2025-11-30 21:42:14 [11500] Kenny: grg
2025-11-30 21:42:15 [11500] Kenny: rber
2025-11-30 21:42:15 [11500] Kenny: b
2025-11-30 21:42:16 [11500] Kenny: bweg
2025-11-30 21:42:16 [11500] Kenny: ef
2025-11-30 21:42:17 [11500] Kenny: wefew
2025-11-30 21:42:17 [11500] Kenny: fwef
2025-11-30 21:42:22 [11500] Kenny: w24
2025-11-30 21:42:22 [11500] Kenny: 234
2025-11-30 21:42:23 [11500] Kenny: 2342
2025-11-30 21:42:23 [11500] Kenny: 34
2025-11-30 21:42:23 [11500] Kenny: 234
2025-11-30 21:42:23 [11500] Kenny: 23
2025-11-30 21:42:24 [11500] Kenny: 42
2025-11-30 21:42:24 [11500] Kenny: 34
2025-11-30 21:42:25 [11500] Kenny: 234
2025-11-30 21:42:41 [11500] Kenny: he
2025-11-30 21:42:42 [11500] Kenny: he
2025-11-30 21:42:43 [11500] Kenny: hehy
2025-11-30 21:42:47 [11500] MIchael: hey
2025-11-30 21:42:59 [11500] Kenny: hey
2025-11-30 21:43:00 [11500] MIchael: [Robot] Latency feels nice from here.
2025-11-30 21:43:01 [11500] MIchael: hey
2025-11-30 21:43:03 [11500] MIchael: whats up
2025-11-30 21:43:03 [11500] MIchael: bro
2025-11-30 21:43:04 [11500] MIchael: [Robot] Anyone else love Lamport clocks?
2025-11-30 21:43:08 [11500] Kenny: yo
2025-11-30 21:43:13 [11500] Kenny: yo
2025-11-30 21:43:16 [11500] Kenny: yo
2025-11-30 21:43:18 [11500] Kenny: i need help
2025-11-30 21:43:57 [11500] Kenny: hey
2025-11-30 21:43:57 [11500] MIchael: yo
2025-11-30 21:43:57 [11500] MIchael: whatsup
2025-11-30 21:43:57 [11500] Kenny: not much bro
2025-11-30 21:43:57 [11500] Kenny: how it is going
2025-11-30 21:43:57 [11500] MIchael: hey
2025-11-30 21:43:57 [11500] MIchael: hye
2025-11-30 21:43:57 [11500] MIchael: heye
2025-11-30 21:43:57 [11500] MIchael: hey
2025-11-30 21:43:57 [11500] MIchael: whatsup
2025-11-30 21:43:57 [11500] MIchael: hey
2025-11-30 21:43:57 [11500] MIchael: jer
2025-11-30 21:43:57 [11500] MIchael: i am
2025-11-30 21:43:57 [11500] MIchael: i cnat do it
2025-11-30 21:43:57 [11500] MIchael: help me
2025-11-30 21:43:57 [11500] MIchael: endendpw;d
2025-11-30 21:43:57 [11500] MIchael: rg
2025-11-30 21:43:57 [11500] MIchael: rt
2025-11-30 21:43:57 [11500] MIchael: h4
2025-11-30 21:43:57 [11500] MIchael: 5h4
2025-11-30 21:43:57 [11500] MIchael: 5h
2025-11-30 21:43:57 [11500] MIchael: 4h
2025-11-30 21:43:57 [11500] MIchael: 54
2025-11-30 21:43:57 [11500] MIchael: h
2025-11-30 21:43:57 [11500] MIchael: 4h4
2025-11-30 21:43:57 [11500] MIchael: 5h
2025-11-30 21:43:57 [11500] MIchael: 45
2025-11-30 21:43:57 [11500] MIchael: h45h
2025-11-30 21:43:57 [11500] MIchael: 45
2025-11-30 21:43:57 [11500] MIchael: h4
2025-11-30 21:43:57 [11500] MIchael: [Robot] Anyone else love Lamport clocks?
2025-11-30 21:43:57 [11500] MIchael: [Robot] Robot message: 00111000010100101001
2025-11-30 21:43:57 [11500] MIchael: [Robot] Anyone else love Lamport clocks?
2025-11-30 21:43:57 [11500] MIchael: [Robot] Robot message: 00111000010100101001
2025-11-30 21:43:57 [11500] MIchael: [Robot] Robot message: 00111000010100101001
2025-11-30 21:43:57 [11500] MIchael: hye
2025-11-30 21:43:57 [11500] MIchael: [Robot] Robot status: still online.
2025-11-30 21:43:57 [11500] MIchael: [Robot] Latency feels nice from here.
2025-11-30 21:43:57 [11500] MIchael: [Robot] Latency feels nice from here.
2025-11-30 21:43:57 [11500] MIchael: [Robot] Latency feels nice from here.
2025-11-30 21:43:57 [11500] MIchael: [Robot] Anyone else love Lamport clocks?
2025-11-30 21:43:57 [11500] MIchael: [Robot] Hello.
2025-11-30 21:43:57 [11500] MIchael: [Robot] Latency feels nice from here.
2025-11-30 21:43:57 [11500] MIchael: [Robot] Latency feels nice from here.
2025-11-30 21:43:57 [11500] MIchael: [Robot] Anyone else love Lamport clocks?
2025-11-30 21:43:57 [11500] MIchael: [Robot] Robot status: still online.
2025-11-30 21:43:57 [11500] MIchael: [Robot] Latency feels nice from here.
2025-11-30 21:43:57 [11500] MIchael: [Robot] Latency feels nice from here.
2025-11-30 21:43:57 [11500] MIchael: [Robot] Robot message: 00111000010100101001
2025-11-30 21:43:57 [11500] MIchael: [Robot] Latency feels nice from here.
2025-11-30 21:43:57 [11500] MIchael: [Robot] Anyone else love Lamport clocks?
2025-11-30 21:43:57 [11500] MIchael: [Robot] Anyone else love Lamport clocks?
2025-11-30 21:43:57 [11500] MIchael: [Robot] Anyone else love Lamport clocks?
2025-11-30 21:43:57 [11500] MIchael: [Robot] Hello.
2025-11-30 21:43:57 [11500] MIchael: [Robot] Anyone else love Lamport clocks?
2025-11-30 21:43:57 [11500] MIchael: [Robot] Robot status: still online.
2025-11-30 21:43:57 [11500] MIchael: [Robot] Robot message: 00111000010100101001
2025-11-30 21:43:57 [11500] MIchael: [Robot] Latency feels nice from here.
2025-11-30 21:43:57 [11500] MIchael: [Robot] Anyone else love Lamport clocks?
2025-11-30 21:43:57 [11500] MIchael: [Robot] Hello.
2025-11-30 21:43:57 [11500] MIchael: [Robot] Robot message: 00111000010100101001
2025-11-30 21:43:57 [11500] MIchael: hwy
2025-11-30 21:43:57 [11500] MIchael: hey
2025-11-30 21:43:57 [11500] MIchael: [Robot] Anyone else love Lamport clocks?
2025-11-30 21:43:57 [11500] MIchael: whats us
2025-11-30 21:43:57 [11500] MIchael: whats up
2025-11-30 21:43:57 [11500] MIchael: [Robot] Robot message: 00111000010100101001
2025-11-30 21:43:57 [11500] MIchael: [Robot] Latency feels nice from here.
2025-11-30 21:43:57 [11500] MIchael: hey
2025-11-30 21:43:57 [11500] MIchael: whats up
2025-11-30 21:43:57 [11500] MIchael: bro
2025-11-30 21:43:57 [11500] MIchael: [Robot] Anyone else love Lamport clocks?
2025-11-30 21:43:57 [11500] MIchael: [Robot] Hello.
2025-11-30 21:43:58 [11500] Kenny: hey
2025-11-30 21:44:00 [11500] Kenny: whats up
2025-11-30 21:45:57 [11500] Kenny: yo
2025-11-30 21:46:01 [11500] Kenny: yo
2025-11-30 21:46:17 [11500] Kenny: yo
2025-11-30 21:46:22 [11500] MIchael: yo im back
2025-11-30 21:46:51 [11500] Kenny: u
2025-11-30 21:46:53 [11500] Kenny: u
2025-11-30 21:46:54 [11500] Kenny: u
2025-11-30 21:46:54 [11500] Kenny: u
2025-11-30 21:46:54 [11500] Kenny: u
2025-11-30 21:46:54 [11500] Kenny: u
2025-11-30 21:47:01 [11500] Kenny: yo
2025-11-30 21:47:01 [11500] Kenny: yo
2025-11-30 21:47:02 [11500] Kenny: yo
2025-11-30 21:47:02 [11500] Kenny: yo
2025-11-30 21:47:03 [11500] Kenny: yo
2025-11-30 21:47:03 [11500] Kenny: y
2025-11-30 21:47:03 [11500] Kenny: y
2025-11-30 21:47:03 [11500] Kenny: y
2025-11-30 21:47:03 [11500] Kenny: y
2025-11-30 21:47:04 [11500] Kenny: y
2025-11-30 21:47:04 [11500] Kenny: y
2025-11-30 21:47:04 [11500] Kenny: y
2025-11-30 21:47:04 [11500] Kenny: y
2025-11-30 21:47:04 [11500] Kenny: y
2025-11-30 21:47:04 [11500] Kenny: y
2025-11-30 21:47:04 [11500] Kenny: y
2025-11-30 21:47:05 [11500] Kenny: y
2025-11-30 21:47:05 [11500] Kenny: y
2025-11-30 21:47:05 [11500] Kenny: yy
2025-11-30 21:47:05 [11500] Kenny: y
2025-11-30 21:47:05 [11500] Kenny: yy
2025-11-30 21:47:06 [11500] Kenny: y
2025-11-30 21:47:06 [11500] Kenny: y
2025-11-30 21:47:08 [11500] Kenny: hey
2025-11-30 21:47:20 [11500] MIchael: hey
2025-11-30 21:47:21 [11500] MIchael: hey
