2025-11-30 21:17:22 [95416] Michael: yo
2025-11-30 21:17:24 [95416] Kenny: hey
2025-11-30 21:17:26 [95416] Joshy: now
2025-11-30 21:17:28 [95416] Joshy: now
2025-11-30 21:17:31 [95416] Joshy: re
2025-11-30 21:17:31 [95416] Joshy: re
2025-11-30 21:17:32 [95416] Joshy: re
2025-11-30 21:17:33 [95416] Joshy: re
2025-11-30 21:17:34 [95416] Joshy: hey
2025-11-30 21:17:37 [95416] Kenny: hey
2025-11-30 21:17:39 [95416] Michael: hey
2025-11-30 21:17:42 [95416] Joshy: sup
2025-11-30 21:17:43 [95416] Joshy: [Robot] Hello.
2025-11-30 21:17:45 [95416] Michael: yo
2025-11-30 21:17:46 [95416] Joshy: [Robot] Robot message: 00111000010100101001
2025-11-30 21:17:49 [95416] Joshy: [Robot] Anyone else love Lamport clocks?
2025-11-30 21:18:23 [95416] Michael: yo
2025-11-30 21:18:23 [95416] Kenny: hey
2025-11-30 21:18:23 [95416] Joshy: now
2025-11-30 21:18:23 [95416] Joshy: now
2025-11-30 21:18:23 [95416] Joshy: re
2025-11-30 21:18:23 [95416] Joshy: re
2025-11-30 21:18:23 [95416] Joshy: re
2025-11-30 21:18:23 [95416] Joshy: re
2025-11-30 21:18:23 [95416] Joshy: hey
2025-11-30 21:18:23 [95416] Kenny: hey
2025-11-30 21:18:23 [95416] Michael: hey
2025-11-30 21:18:23 [95416] Joshy: sup
2025-11-30 21:18:23 [95416] Joshy: [Robot] Hello.
2025-11-30 21:18:23 [95416] Michael: yo
2025-11-30 21:18:23 [95416] Joshy: [Robot] Robot message: 00111000010100101001
2025-11-30 21:18:23 [95416] Joshy: [Robot] Anyone else love Lamport clocks?
2025-11-30 21:19:36 [95416] Joshy: het
2025-11-30 21:19:36 [95416] Joshy: hey
2025-11-30 21:19:36 [95416] Joshy: het
2025-11-30 21:19:36 [95416] Joshy: hey
2025-11-30 21:19:39 [95416] Michael: yo
2025-11-30 21:19:49 [95416] Michael: yo
2025-11-30 21:19:50 [95416] Michael: yo
2025-11-30 21:19:50 [95416] Michael: wadaw
2025-11-30 21:19:51 [95416] Michael: wdsgeng
2025-11-30 21:19:53 [95416] Michael: wfwf
2025-11-30 21:19:54 [95416] Michael: wef
2025-11-30 21:19:56 [95416] Joshy: wefnwuf
