2025-11-30 14:08:47 [35516] Michael: yo
2025-11-30 14:09:38 [35516] Michael: [Robot] Latency feels nice from here.
2025-11-30 14:09:43 [35516] Michael: [Robot] Anyone else love Lamport clocks?
2025-11-30 14:09:44 [35516] Michael: yo
2025-11-30 14:09:48 [35516] Michael: [Robot] Anyone else love Lamport clocks?
2025-11-30 14:15:23 [35516] Kene: hey
2025-11-30 14:15:39 [35516] Michael: hey
2025-11-30 14:15:40 [35516] Michael: lolawa
2025-11-30 14:15:41 [35516] Michael: geg
2025-11-30 14:15:42 [35516] Michael: gwe
2025-11-30 14:16:03 [35516] Kene: yo
2025-11-30 14:16:45 [35516] Kene: [Robot] Hello.
2025-11-30 14:16:48 [35516] Kene: [Robot] Hello.
2025-11-30 14:16:53 [35516] Kene: [Robot] Robot status: still online.
2025-11-30 14:16:56 [35516] Kene: [Robot] Robot message: 00111000010100101001
2025-11-30 14:17:00 [35516] Kene: [Robot] Robot status: still online.
2025-11-30 14:17:06 [35516] Kene: [Robot] Robot status: still online.
2025-11-30 14:17:10 [35516] Kene: [Robot] Latency feels nice from here.
2025-11-30 14:17:14 [35516] Kene: [Robot] Robot message: 00111000010100101001
2025-11-30 14:17:17 [35516] Kene: [Robot] Robot status: still online.
2025-11-30 14:17:25 [35516] Kene: yo
2025-11-30 14:17:26 [35516] Kene: yo
2025-11-30 14:17:27 [35516] Kene: yo
2025-11-30 14:17:29 [35516] Kene: yo
2025-11-30 14:17:29 [35516] Kene: g
2025-11-30 14:17:30 [35516] Kene: g
2025-11-30 14:17:30 [35516] Kene: g
2025-11-30 14:28:05 [35516] Kene: yo
2025-11-30 14:28:07 [35516] Michael: yo
