2025-11-30 20:34:02 [5832] user2: hey!
2025-11-30 20:34:04 [5832] user1: Yo
2025-11-30 20:34:07 [5832] user2: Whatsup
2025-11-30 20:35:21 [93095] user1: w
2025-11-30 20:35:25 [93095] user1: w
2025-11-30 20:35:25 [93095] user1: w
2025-11-30 20:35:25 [93095] user1: w
2025-11-30 20:35:26 [93095] user1: w
2025-11-30 20:35:26 [93095] user1: w
2025-11-30 20:35:27 [93095] user1: wdfwegw
2025-11-30 20:35:28 [93095] user1: weg
2025-11-30 20:35:28 [93095] user1: weg
2025-11-30 20:35:29 [93095] user1: ewgweg
2025-11-30 20:35:30 [93095] user1: ewg
2025-11-30 20:35:31 [93095] user1: weg
2025-11-30 20:35:33 [93095] user2: whatusp
2025-11-30 20:35:35 [93095] user2: wl
2025-11-30 20:36:02 [93095] user2: hey
2025-11-30 20:36:06 [93095] user1: yeah whats up
2025-11-30 20:37:21 [93095] user2: hey!
2025-11-30 20:37:21 [93095] user2: Whatsup
2025-11-30 20:37:21 [93095] user1: w
2025-11-30 20:37:21 [93095] user1: w
2025-11-30 20:37:21 [93095] user1: w
2025-11-30 20:37:21 [93095] user1: w
2025-11-30 20:37:21 [93095] user1: w
2025-11-30 20:37:21 [93095] user1: w
2025-11-30 20:37:21 [93095] user1: wdfwegw
2025-11-30 20:37:21 [93095] user1: weg
2025-11-30 20:37:21 [93095] user1: weg
2025-11-30 20:37:21 [93095] user1: ewgweg
2025-11-30 20:37:21 [93095] user1: ewg
2025-11-30 20:37:21 [93095] user1: weg
2025-11-30 20:37:21 [93095] user2: whatusp
2025-11-30 20:37:21 [93095] user2: wl
2025-11-30 20:37:21 [93095] user2: hey
2025-11-30 20:37:21 [93095] user1: yeah whats up
